#
# A fatal error has been detected by the Java Runtime Environment:
#
#  EXCEPTION_ACCESS_VIOLATION (0xc0000005) at pc=0x00007ff9d9685af2, pid=15124, tid=9060
#
# JRE version: OpenJDK Runtime Environment Temurin-21.0.5+11 (21.0.5+11) (build 21.0.5+11-LTS)
# Java VM: OpenJDK 64-Bit Server VM Temurin-21.0.5+11 (21.0.5+11-LTS, mixed mode, sharing, tiered, compressed oops, compressed class ptrs, g1 gc, windows-amd64)
# Problematic frame:
# V  [jvm.dll+0x6f5af2]
#
# No core dump will be written. Minidumps are not enabled by default on client versions of Windows
#
# If you would like to submit a bug report, please visit:
#   https://github.com/adoptium/adoptium-support/issues
#

---------------  S U M M A R Y ------------

Command Line: -Dfile.encoding=UTF-8 -Dstdout.encoding=UTF-8 -Dstderr.encoding=UTF-8 -XX:+ShowCodeDetailsInExceptionMessages GowriPrabhu.SubmitOrderTest

Host: Intel(R) Core(TM) i5-2310 CPU @ 2.90GHz, 4 cores, 7G,  Windows 10 , 64 bit Build 19041 (10.0.19041.5198)
Time: Sat Feb  1 16:31:44 2025 India Standard Time elapsed time: 19.009891 seconds (0d 0h 0m 19s)

---------------  T H R E A D  ---------------

Current thread (0x000001d2439022b0):  JavaThread "C2 CompilerThread0" daemon [_thread_in_native, id=9060, stack(0x0000001365a00000,0x0000001365b00000) (1024K)]


Current CompileTask:
C2:19009 2348   !   4       java.lang.invoke.MemberName::getMethodType (211 bytes)

Stack: [0x0000001365a00000,0x0000001365b00000],  sp=0x0000001365afc510,  free space=1009k
Native frames: (J=compiled Java code, j=interpreted, Vv=VM code, C=native code)
V  [jvm.dll+0x6f5af2]
V  [jvm.dll+0x6f67ea]
V  [jvm.dll+0x6f4469]
V  [jvm.dll+0x249752]
V  [jvm.dll+0x246ea4]
V  [jvm.dll+0x1c75ce]
V  [jvm.dll+0x25682a]
V  [jvm.dll+0x254dca]
V  [jvm.dll+0x3f00d6]
V  [jvm.dll+0x8514fb]
V  [jvm.dll+0x6cbbed]
C  [ucrtbase.dll+0x21bb2]
C  [KERNEL32.DLL+0x17374]
C  [ntdll.dll+0x4cc91]


siginfo: EXCEPTION_ACCESS_VIOLATION (0xc0000005), reading address 0x0000000008000028


Registers:
RAX=0x0000000008000000, RBX=0x000001d289233438, RCX=0x000000000000001d, RDX=0x000000000000000d
RSP=0x0000001365afc510, RBP=0x0000001365afc5e9, RSI=0x0000001365afd1e0, RDI=0x0000001365afc580
R8 =0x0000000000002898, R9 =0x000001d289233460, R10=0x00000000000002ed, R11=0x000001d2897a4520
R12=0x0000001365afd1e0, R13=0x0000000000000000, R14=0x000001d243e0a9b0, R15=0x0000000000000001
RIP=0x00007ff9d9685af2, EFLAGS=0x0000000000010283


Register to memory mapping:

RAX=0x0000000008000000 is an unknown value
RBX=0x000001d289233438 points into unknown readable memory: 0x0000001365afe990 | 90 e9 af 65 13 00 00 00
RCX=0x000000000000001d is an unknown value
RDX=0x000000000000000d is an unknown value
RSP=0x0000001365afc510 is pointing into the stack for thread: 0x000001d2439022b0
RBP=0x0000001365afc5e9 is pointing into the stack for thread: 0x000001d2439022b0
RSI=0x0000001365afd1e0 is pointing into the stack for thread: 0x000001d2439022b0
RDI=0x0000001365afc580 is pointing into the stack for thread: 0x000001d2439022b0
R8 =0x0000000000002898 is an unknown value
R9 =0x000001d289233460 points into unknown readable memory: 0x0000000000000000 | 00 00 00 00 00 00 00 00
R10=0x00000000000002ed is an unknown value
R11=0x000001d2897a4520 points into unknown readable memory: 0x00007ff9d98fc1d8 | d8 c1 8f d9 f9 7f 00 00
R12=0x0000001365afd1e0 is pointing into the stack for thread: 0x000001d2439022b0
R13=0x0 is null
R14=0x000001d243e0a9b0 points into unknown readable memory: 0x000001d2892ac030 | 30 c0 2a 89 d2 01 00 00
R15=0x0000000000000001 is an unknown value

Top of Stack: (sp=0x0000001365afc510)
0x0000001365afc510:   000001d2892ab060 0000000000000006
0x0000001365afc520:   0000000000000001 000001d243e0a9b0
0x0000001365afc530:   000001d2897a44d8 00007ff9d96867ea
0x0000001365afc540:   0000000000000000 00000000000000af
0x0000001365afc550:   000001d2897a44d8 00000000000000af
0x0000001365afc560:   000001d2438f0420 00007ff900000200
0x0000001365afc570:   000001d243e0d7f0 000001d20000015b
0x0000001365afc580:   000001d200000020 000001d243e0d770
0x0000001365afc590:   000001d200000020 000001d2438f0420
0x0000001365afc5a0:   0000001300000000 0000000000000000
0x0000001365afc5b0:   000001d2438f0420 0000000000000400
0x0000001365afc5c0:   000001d243e0b770 0000000000000000
0x0000001365afc5d0:   000000af00000000 000001d243e0a9b0
0x0000001365afc5e0:   0000000000000000 0000000000010388
0x0000001365afc5f0:   000001d243e0a990 000001d243e11588
0x0000001365afc600:   000001d200000020 00007ff9d999df40
0x0000001365afc610:   0000000000000000 000001d2438f2560
0x0000001365afc620:   000001d2438f25b0 00007ff9d999df78
0x0000001365afc630:   0000001365afe9e0 0000001365afd1e0
0x0000001365afc640:   0000001365afc780 00007ff9d9684469
0x0000001365afc650:   000001d2892ac030 000001d2897a4450
0x0000001365afc660:   000001d2438f0420 000001d243e095a0
0x0000001365afc670:   0000001365afe860 00007ff9d91d9752
0x0000001365afc680:   0000001365afe860 0000001365afe860
0x0000001365afc690:   000001d243e11588 0000001365afc780
0x0000001365afc6a0:   0000000000000000 00007ff9d9276829
0x0000001365afc6b0:   000001d2892f0000 0000000000000000
0x0000001365afc6c0:   000001d2439175a8 00007ff9d917f300
0x0000001365afc6d0:   0000000000000001 00007ff9d999df78
0x0000001365afc6e0:   0000000000000000 0000000000000000
0x0000001365afc6f0:   0000000000000000 00007ff9d999df78
0x0000001365afc700:   000001d2892f5300 000001d2892f5308 

Instructions: (pc=0x00007ff9d9685af2)
0x00007ff9d96859f2:   08 72 0a 48 8d 41 08 49 89 41 18 eb 12 45 33 c0
0x00007ff9d9685a02:   49 8b c9 41 8d 50 08 e8 32 fa 9c ff 48 8b c8 48
0x00007ff9d9685a12:   89 4e 10 4c 89 29 44 8b 7e 08 8d 53 01 85 d2 74
0x00007ff9d9685a22:   04 85 d3 74 0c 0f bd ca ba 01 00 00 00 ff c1 d3
0x00007ff9d9685a32:   e2 48 8b 0e 4a 8d 3c fd 00 00 00 00 44 8b ca 4c
0x00007ff9d9685a42:   8b c7 89 56 08 48 8b 56 10 49 c1 e1 03 44 89 6c
0x00007ff9d9685a52:   24 20 e8 07 f6 9c ff 44 8b 46 08 33 d2 45 2b c7
0x00007ff9d9685a62:   48 89 46 10 49 c1 e0 03 48 8d 0c 07 e8 ef 1b 25
0x00007ff9d9685a72:   00 48 8b 46 10 4d 89 24 06 48 8b 55 28 ff c3 3b
0x00007ff9d9685a82:   5a 08 0f 82 16 ff ff ff 4c 8b 7c 24 30 4c 8b 74
0x00007ff9d9685a92:   24 38 4c 8b 64 24 70 48 8b 7c 24 68 48 8b 74 24
0x00007ff9d9685aa2:   60 48 83 c4 40 41 5d 5d 5b c3 cc cc cc cc 48 89
0x00007ff9d9685ab2:   5c 24 08 48 89 74 24 10 57 48 83 ec 20 48 8b 59
0x00007ff9d9685ac2:   20 48 8b fa 48 8b f1 8b 43 08 4c 8b 5b 20 85 c0
0x00007ff9d9685ad2:   74 49 45 33 c0 44 8b d0 66 0f 1f 44 00 00 4c 8b
0x00007ff9d9685ae2:   4b 18 4b 8b 04 01 48 85 c0 74 26 49 3b c3 74 21
0x00007ff9d9685af2:   8b 48 28 8b c1 c1 e8 05 3b 07 73 11 8b d0 83 e1
0x00007ff9d9685b02:   1f 48 8b 47 08 8b 04 90 0f a3 c8 72 04 4f 89 1c
0x00007ff9d9685b12:   01 49 83 c0 08 49 83 ea 01 75 c3 48 8d 4e 30 33
0x00007ff9d9685b22:   d2 41 b8 48 04 00 00 e8 34 1b 25 00 48 8d 8e 78
0x00007ff9d9685b32:   04 00 00 33 d2 41 b8 48 04 00 00 e8 20 1b 25 00
0x00007ff9d9685b42:   48 8d 8e c0 08 00 00 33 d2 41 b8 a0 00 00 00 48
0x00007ff9d9685b52:   8b 5c 24 30 48 8b 74 24 38 48 83 c4 20 5f e9 fd
0x00007ff9d9685b62:   1a 25 00 cc cc cc cc cc cc cc cc cc cc cc 40 53
0x00007ff9d9685b72:   41 55 41 57 48 83 ec 40 4c 8b e9 48 8b da 48 8b
0x00007ff9d9685b82:   49 10 48 89 4c 24 70 45 8b 7d 20 49 ff cf 4e 8d
0x00007ff9d9685b92:   3c f9 4c 89 7c 24 60 4c 3b f9 0f 82 de 01 00 00
0x00007ff9d9685ba2:   8b 15 40 76 5e 00 65 48 8b 04 25 58 00 00 00 48
0x00007ff9d9685bb2:   89 6c 24 68 48 89 74 24 38 48 89 7c 24 30 4c 89
0x00007ff9d9685bc2:   64 24 28 4c 8d 24 d0 4c 89 74 24 20 66 90 49 8b
0x00007ff9d9685bd2:   3f 33 ed 33 f6 44 8b 47 1c 45 85 c0 0f 84 6c 01
0x00007ff9d9685be2:   00 00 41 bf 70 00 00 00 66 0f 1f 44 00 00 4c 8b 


Stack slot to memory mapping:

stack at sp + 0 slots: 0x000001d2892ab060 points into unknown readable memory: 0x00007ff9d9974d38 | 38 4d 97 d9 f9 7f 00 00
stack at sp + 1 slots: 0x0000000000000006 is an unknown value
stack at sp + 2 slots: 0x0000000000000001 is an unknown value
stack at sp + 3 slots: 0x000001d243e0a9b0 points into unknown readable memory: 0x000001d2892ac030 | 30 c0 2a 89 d2 01 00 00
stack at sp + 4 slots: 0x000001d2897a44d8 points into unknown readable memory: 0x00007ff9d998b0a0 | a0 b0 98 d9 f9 7f 00 00
stack at sp + 5 slots: 0x00007ff9d96867ea jvm.dll
stack at sp + 6 slots: 0x0 is null
stack at sp + 7 slots: 0x00000000000000af is an unknown value


---------------  P R O C E S S  ---------------

Threads class SMR info:
_java_thread_list=0x000001d289b9fed0, length=27, elements={
0x000001d22a015860, 0x000001d2438e95c0, 0x000001d2438ea210, 0x000001d2438ed0f0,
0x000001d2438f0b60, 0x000001d2438f35c0, 0x000001d2438f9520, 0x000001d2439022b0,
0x000001d243902d40, 0x000001d243b42c70, 0x000001d243b69470, 0x000001d2892a7ed0,
0x000001d28973fa40, 0x000001d28976f820, 0x000001d28976fe80, 0x000001d2897413c0,
0x000001d289741a20, 0x000001d2896beeb0, 0x000001d2896dcef0, 0x000001d2896dd580,
0x000001d2896ddc10, 0x000001d2896db4b0, 0x000001d2896da790, 0x000001d2896dbb40,
0x000001d2896dae20, 0x000001d2896dc1d0, 0x000001d2896dc860
}

Java Threads: ( => current thread )
  0x000001d22a015860 JavaThread "Forwarding actions on session e6282497762c38e21274358fa281ef6c to remote"        [_thread_blocked, id=8336, stack(0x0000001364b00000,0x0000001364c00000) (1024K)]
  0x000001d2438e95c0 JavaThread "Reference Handler"          daemon [_thread_blocked, id=4084, stack(0x0000001365400000,0x0000001365500000) (1024K)]
  0x000001d2438ea210 JavaThread "Finalizer"                  daemon [_thread_blocked, id=14996, stack(0x0000001365500000,0x0000001365600000) (1024K)]
  0x000001d2438ed0f0 JavaThread "Signal Dispatcher"          daemon [_thread_blocked, id=8612, stack(0x0000001365600000,0x0000001365700000) (1024K)]
  0x000001d2438f0b60 JavaThread "Attach Listener"            daemon [_thread_blocked, id=8916, stack(0x0000001365700000,0x0000001365800000) (1024K)]
  0x000001d2438f35c0 JavaThread "Service Thread"             daemon [_thread_blocked, id=14868, stack(0x0000001365800000,0x0000001365900000) (1024K)]
  0x000001d2438f9520 JavaThread "Monitor Deflation Thread"   daemon [_thread_blocked, id=10196, stack(0x0000001365900000,0x0000001365a00000) (1024K)]
=>0x000001d2439022b0 JavaThread "C2 CompilerThread0"         daemon [_thread_in_native, id=9060, stack(0x0000001365a00000,0x0000001365b00000) (1024K)]
  0x000001d243902d40 JavaThread "C1 CompilerThread0"         daemon [_thread_blocked, id=1312, stack(0x0000001365b00000,0x0000001365c00000) (1024K)]
  0x000001d243b42c70 JavaThread "Notification Thread"        daemon [_thread_blocked, id=13792, stack(0x0000001365c00000,0x0000001365d00000) (1024K)]
  0x000001d243b69470 JavaThread "Common-Cleaner"             daemon [_thread_blocked, id=4708, stack(0x0000001365d00000,0x0000001365e00000) (1024K)]
  0x000001d2892a7ed0 JavaThread "ForkJoinPool.commonPool-worker-1" daemon [_thread_blocked, id=14160, stack(0x0000001365e00000,0x0000001365f00000) (1024K)]
  0x000001d28973fa40 JavaThread "HttpClient-1-SelectorManager" daemon [_thread_in_native, id=9604, stack(0x0000001366300000,0x0000001366400000) (1024K)]
  0x000001d28976f820 JavaThread "External Process Output Forwarder - C:\Users\WINIT\.cache\selenium\chromedriver\win64\132.0.6834.159\chromedriver.exe" daemon [_thread_in_native, id=12476, stack(0x0000001366400000,0x0000001366500000) (1024K)]
  0x000001d28976fe80 JavaThread "Driver Service Executor"    daemon [_thread_blocked, id=1424, stack(0x0000001366500000,0x0000001366600000) (1024K)]
  0x000001d2897413c0 JavaThread "Driver Service Executor"    daemon [_thread_in_native, id=14928, stack(0x0000001366600000,0x0000001366700000) (1024K)]
  0x000001d289741a20 JavaThread "UrlChecker-2"               daemon [_thread_blocked, id=3008, stack(0x0000001366700000,0x0000001366800000) (1024K)]
  0x000001d2896beeb0 JavaThread "JdkHttpClient-0-0"          daemon [_thread_blocked, id=1132, stack(0x0000001366200000,0x0000001366300000) (1024K)]
  0x000001d2896dcef0 JavaThread "CompletableFutureDelayScheduler" daemon [_thread_blocked, id=3524, stack(0x0000001366a00000,0x0000001366b00000) (1024K)]
  0x000001d2896dd580 JavaThread "JdkHttpClient-0-1"          daemon [_thread_blocked, id=9100, stack(0x0000001366b00000,0x0000001366c00000) (1024K)]
  0x000001d2896ddc10 JavaThread "JdkHttpClient-0-2"          daemon [_thread_blocked, id=6936, stack(0x0000001366c00000,0x0000001366d00000) (1024K)]
  0x000001d2896db4b0 JavaThread "JdkHttpClient-0-3"          daemon [_thread_blocked, id=7984, stack(0x0000001366d00000,0x0000001366e00000) (1024K)]
  0x000001d2896da790 JavaThread "HttpClient-2-SelectorManager" daemon [_thread_in_native, id=1368, stack(0x0000001366e00000,0x0000001366f00000) (1024K)]
  0x000001d2896dbb40 JavaThread "JdkHttpClient-1-0"          daemon [_thread_blocked, id=6788, stack(0x0000001366f00000,0x0000001367000000) (1024K)]
  0x000001d2896dae20 JavaThread "JdkHttpClient-1-1"          daemon [_thread_blocked, id=892, stack(0x0000001367000000,0x0000001367100000) (1024K)]
  0x000001d2896dc1d0 JavaThread "JdkHttpClient-1-2"          daemon [_thread_blocked, id=3096, stack(0x0000001367100000,0x0000001367200000) (1024K)]
  0x000001d2896dc860 JavaThread "JdkHttpClient-1-3"          daemon [_thread_blocked, id=9200, stack(0x0000001367200000,0x0000001367300000) (1024K)]
Total: 27

Other Threads:
  0x000001d2438cbce0 VMThread "VM Thread"                           [id=7824, stack(0x0000001365200000,0x0000001365300000) (1024K)]
  0x000001d2438bbf50 WatcherThread "VM Periodic Task Thread"        [id=1072, stack(0x0000001365100000,0x0000001365200000) (1024K)]
  0x000001d22c1ab320 WorkerThread "GC Thread#0"                     [id=12020, stack(0x0000001364c00000,0x0000001364d00000) (1024K)]
  0x000001d2896077d0 WorkerThread "GC Thread#1"                     [id=4168, stack(0x0000001365f00000,0x0000001366000000) (1024K)]
  0x000001d2895df0b0 WorkerThread "GC Thread#2"                     [id=14108, stack(0x0000001366000000,0x0000001366100000) (1024K)]
  0x000001d289657c40 WorkerThread "GC Thread#3"                     [id=13268, stack(0x0000001366100000,0x0000001366200000) (1024K)]
  0x000001d22c1bc990 ConcurrentGCThread "G1 Main Marker"            [id=13128, stack(0x0000001364d00000,0x0000001364e00000) (1024K)]
  0x000001d22c1bd490 WorkerThread "G1 Conc#0"                       [id=10708, stack(0x0000001364e00000,0x0000001364f00000) (1024K)]
  0x000001d22c21e7e0 ConcurrentGCThread "G1 Refine#0"               [id=14628, stack(0x0000001364f00000,0x0000001365000000) (1024K)]
  0x000001d243779500 ConcurrentGCThread "G1 Service"                [id=14916, stack(0x0000001365000000,0x0000001365100000) (1024K)]
Total: 10

Threads with active compile tasks:
C2 CompilerThread0  19105 2348   !   4       java.lang.invoke.MemberName::getMethodType (211 bytes)
Total: 1

VM state: not at safepoint (normal execution)

VM Mutex/Monitor currently owned by a thread: None

Heap address: 0x0000000081600000, size: 2026 MB, Compressed Oops mode: 32-bit

CDS archive(s) mapped at: [0x000001d244000000-0x000001d244c80000-0x000001d244c80000), size 13107200, SharedBaseAddress: 0x000001d244000000, ArchiveRelocationMode: 1.
Compressed class space mapped at: 0x000001d245000000-0x000001d285000000, reserved size: 1073741824
Narrow klass base: 0x000001d244000000, Narrow klass shift: 0, Narrow klass range: 0x100000000

GC Precious Log:
 CardTable entry size: 512
 Card Set container configuration: InlinePtr #cards 5 size 8 Array Of Cards #cards 12 size 40 Howl #buckets 4 coarsen threshold 1843 Howl Bitmap #cards 512 size 80 coarsen threshold 460 Card regions per heap region 1 cards per card region 2048
 CPUs: 4 total, 4 available
 Memory: 8100M
 Large Page Support: Disabled
 NUMA Support: Disabled
 Compressed Oops: Enabled (32-bit)
 Heap Region Size: 1M
 Heap Min Capacity: 8M
 Heap Initial Capacity: 128M
 Heap Max Capacity: 2026M
 Pre-touch: Disabled
 Parallel Workers: 4
 Concurrent Workers: 1
 Concurrent Refinement Workers: 4
 Periodic GC: Disabled

Heap:
 garbage-first heap   total 131072K, used 24517K [0x0000000081600000, 0x0000000100000000)
  region size 1024K, 20 young (20480K), 2 survivors (2048K)
 Metaspace       used 13052K, committed 13440K, reserved 1114112K
  class space    used 1529K, committed 1728K, reserved 1048576K

Heap Regions: E=young(eden), S=young(survivor), O=old, HS=humongous(starts), HC=humongous(continues), CS=collection set, F=free, TAMS=top-at-mark-start, PB=parsable bottom
|   0|0x0000000081600000, 0x0000000081700000, 0x0000000081700000|100%|HS|  |TAMS 0x0000000081600000| PB 0x0000000081600000| Complete 
|   1|0x0000000081700000, 0x0000000081800000, 0x0000000081800000|100%| O|  |TAMS 0x0000000081700000| PB 0x0000000081700000| Untracked 
|   2|0x0000000081800000, 0x0000000081900000, 0x0000000081900000|100%| O|  |TAMS 0x0000000081800000| PB 0x0000000081800000| Untracked 
|   3|0x0000000081900000, 0x0000000081a00000, 0x0000000081a00000|100%| O|  |TAMS 0x0000000081900000| PB 0x0000000081900000| Untracked 
|   4|0x0000000081a00000, 0x0000000081af1500, 0x0000000081b00000| 94%| O|  |TAMS 0x0000000081a00000| PB 0x0000000081a00000| Untracked 
|   5|0x0000000081b00000, 0x0000000081b00000, 0x0000000081c00000|  0%| F|  |TAMS 0x0000000081b00000| PB 0x0000000081b00000| Untracked 
|   6|0x0000000081c00000, 0x0000000081c00000, 0x0000000081d00000|  0%| F|  |TAMS 0x0000000081c00000| PB 0x0000000081c00000| Untracked 
|   7|0x0000000081d00000, 0x0000000081d00000, 0x0000000081e00000|  0%| F|  |TAMS 0x0000000081d00000| PB 0x0000000081d00000| Untracked 
|   8|0x0000000081e00000, 0x0000000081e00000, 0x0000000081f00000|  0%| F|  |TAMS 0x0000000081e00000| PB 0x0000000081e00000| Untracked 
|   9|0x0000000081f00000, 0x0000000081f00000, 0x0000000082000000|  0%| F|  |TAMS 0x0000000081f00000| PB 0x0000000081f00000| Untracked 
|  10|0x0000000082000000, 0x0000000082000000, 0x0000000082100000|  0%| F|  |TAMS 0x0000000082000000| PB 0x0000000082000000| Untracked 
|  11|0x0000000082100000, 0x0000000082100000, 0x0000000082200000|  0%| F|  |TAMS 0x0000000082100000| PB 0x0000000082100000| Untracked 
|  12|0x0000000082200000, 0x0000000082200000, 0x0000000082300000|  0%| F|  |TAMS 0x0000000082200000| PB 0x0000000082200000| Untracked 
|  13|0x0000000082300000, 0x0000000082300000, 0x0000000082400000|  0%| F|  |TAMS 0x0000000082300000| PB 0x0000000082300000| Untracked 
|  14|0x0000000082400000, 0x0000000082400000, 0x0000000082500000|  0%| F|  |TAMS 0x0000000082400000| PB 0x0000000082400000| Untracked 
|  15|0x0000000082500000, 0x0000000082500000, 0x0000000082600000|  0%| F|  |TAMS 0x0000000082500000| PB 0x0000000082500000| Untracked 
|  16|0x0000000082600000, 0x0000000082600000, 0x0000000082700000|  0%| F|  |TAMS 0x0000000082600000| PB 0x0000000082600000| Untracked 
|  17|0x0000000082700000, 0x0000000082700000, 0x0000000082800000|  0%| F|  |TAMS 0x0000000082700000| PB 0x0000000082700000| Untracked 
|  18|0x0000000082800000, 0x0000000082800000, 0x0000000082900000|  0%| F|  |TAMS 0x0000000082800000| PB 0x0000000082800000| Untracked 
|  19|0x0000000082900000, 0x0000000082900000, 0x0000000082a00000|  0%| F|  |TAMS 0x0000000082900000| PB 0x0000000082900000| Untracked 
|  20|0x0000000082a00000, 0x0000000082a00000, 0x0000000082b00000|  0%| F|  |TAMS 0x0000000082a00000| PB 0x0000000082a00000| Untracked 
|  21|0x0000000082b00000, 0x0000000082b00000, 0x0000000082c00000|  0%| F|  |TAMS 0x0000000082b00000| PB 0x0000000082b00000| Untracked 
|  22|0x0000000082c00000, 0x0000000082c00000, 0x0000000082d00000|  0%| F|  |TAMS 0x0000000082c00000| PB 0x0000000082c00000| Untracked 
|  23|0x0000000082d00000, 0x0000000082d00000, 0x0000000082e00000|  0%| F|  |TAMS 0x0000000082d00000| PB 0x0000000082d00000| Untracked 
|  24|0x0000000082e00000, 0x0000000082e00000, 0x0000000082f00000|  0%| F|  |TAMS 0x0000000082e00000| PB 0x0000000082e00000| Untracked 
|  25|0x0000000082f00000, 0x0000000082f00000, 0x0000000083000000|  0%| F|  |TAMS 0x0000000082f00000| PB 0x0000000082f00000| Untracked 
|  26|0x0000000083000000, 0x0000000083000000, 0x0000000083100000|  0%| F|  |TAMS 0x0000000083000000| PB 0x0000000083000000| Untracked 
|  27|0x0000000083100000, 0x0000000083100000, 0x0000000083200000|  0%| F|  |TAMS 0x0000000083100000| PB 0x0000000083100000| Untracked 
|  28|0x0000000083200000, 0x0000000083200000, 0x0000000083300000|  0%| F|  |TAMS 0x0000000083200000| PB 0x0000000083200000| Untracked 
|  29|0x0000000083300000, 0x0000000083300000, 0x0000000083400000|  0%| F|  |TAMS 0x0000000083300000| PB 0x0000000083300000| Untracked 
|  30|0x0000000083400000, 0x0000000083400000, 0x0000000083500000|  0%| F|  |TAMS 0x0000000083400000| PB 0x0000000083400000| Untracked 
|  31|0x0000000083500000, 0x0000000083500000, 0x0000000083600000|  0%| F|  |TAMS 0x0000000083500000| PB 0x0000000083500000| Untracked 
|  32|0x0000000083600000, 0x0000000083600000, 0x0000000083700000|  0%| F|  |TAMS 0x0000000083600000| PB 0x0000000083600000| Untracked 
|  33|0x0000000083700000, 0x0000000083700000, 0x0000000083800000|  0%| F|  |TAMS 0x0000000083700000| PB 0x0000000083700000| Untracked 
|  34|0x0000000083800000, 0x0000000083800000, 0x0000000083900000|  0%| F|  |TAMS 0x0000000083800000| PB 0x0000000083800000| Untracked 
|  35|0x0000000083900000, 0x0000000083900000, 0x0000000083a00000|  0%| F|  |TAMS 0x0000000083900000| PB 0x0000000083900000| Untracked 
|  36|0x0000000083a00000, 0x0000000083a00000, 0x0000000083b00000|  0%| F|  |TAMS 0x0000000083a00000| PB 0x0000000083a00000| Untracked 
|  37|0x0000000083b00000, 0x0000000083b00000, 0x0000000083c00000|  0%| F|  |TAMS 0x0000000083b00000| PB 0x0000000083b00000| Untracked 
|  38|0x0000000083c00000, 0x0000000083c00000, 0x0000000083d00000|  0%| F|  |TAMS 0x0000000083c00000| PB 0x0000000083c00000| Untracked 
|  39|0x0000000083d00000, 0x0000000083d00000, 0x0000000083e00000|  0%| F|  |TAMS 0x0000000083d00000| PB 0x0000000083d00000| Untracked 
|  40|0x0000000083e00000, 0x0000000083e00000, 0x0000000083f00000|  0%| F|  |TAMS 0x0000000083e00000| PB 0x0000000083e00000| Untracked 
|  41|0x0000000083f00000, 0x0000000083f00000, 0x0000000084000000|  0%| F|  |TAMS 0x0000000083f00000| PB 0x0000000083f00000| Untracked 
|  42|0x0000000084000000, 0x0000000084000000, 0x0000000084100000|  0%| F|  |TAMS 0x0000000084000000| PB 0x0000000084000000| Untracked 
|  43|0x0000000084100000, 0x0000000084100000, 0x0000000084200000|  0%| F|  |TAMS 0x0000000084100000| PB 0x0000000084100000| Untracked 
|  44|0x0000000084200000, 0x0000000084200000, 0x0000000084300000|  0%| F|  |TAMS 0x0000000084200000| PB 0x0000000084200000| Untracked 
|  45|0x0000000084300000, 0x0000000084300000, 0x0000000084400000|  0%| F|  |TAMS 0x0000000084300000| PB 0x0000000084300000| Untracked 
|  46|0x0000000084400000, 0x0000000084400000, 0x0000000084500000|  0%| F|  |TAMS 0x0000000084400000| PB 0x0000000084400000| Untracked 
|  47|0x0000000084500000, 0x0000000084500000, 0x0000000084600000|  0%| F|  |TAMS 0x0000000084500000| PB 0x0000000084500000| Untracked 
|  48|0x0000000084600000, 0x0000000084600000, 0x0000000084700000|  0%| F|  |TAMS 0x0000000084600000| PB 0x0000000084600000| Untracked 
|  49|0x0000000084700000, 0x0000000084700000, 0x0000000084800000|  0%| F|  |TAMS 0x0000000084700000| PB 0x0000000084700000| Untracked 
|  50|0x0000000084800000, 0x0000000084800000, 0x0000000084900000|  0%| F|  |TAMS 0x0000000084800000| PB 0x0000000084800000| Untracked 
|  51|0x0000000084900000, 0x0000000084900000, 0x0000000084a00000|  0%| F|  |TAMS 0x0000000084900000| PB 0x0000000084900000| Untracked 
|  52|0x0000000084a00000, 0x0000000084a00000, 0x0000000084b00000|  0%| F|  |TAMS 0x0000000084a00000| PB 0x0000000084a00000| Untracked 
|  53|0x0000000084b00000, 0x0000000084b00000, 0x0000000084c00000|  0%| F|  |TAMS 0x0000000084b00000| PB 0x0000000084b00000| Untracked 
|  54|0x0000000084c00000, 0x0000000084c00000, 0x0000000084d00000|  0%| F|  |TAMS 0x0000000084c00000| PB 0x0000000084c00000| Untracked 
|  55|0x0000000084d00000, 0x0000000084d00000, 0x0000000084e00000|  0%| F|  |TAMS 0x0000000084d00000| PB 0x0000000084d00000| Untracked 
|  56|0x0000000084e00000, 0x0000000084e00000, 0x0000000084f00000|  0%| F|  |TAMS 0x0000000084e00000| PB 0x0000000084e00000| Untracked 
|  57|0x0000000084f00000, 0x0000000084f00000, 0x0000000085000000|  0%| F|  |TAMS 0x0000000084f00000| PB 0x0000000084f00000| Untracked 
|  58|0x0000000085000000, 0x0000000085000000, 0x0000000085100000|  0%| F|  |TAMS 0x0000000085000000| PB 0x0000000085000000| Untracked 
|  59|0x0000000085100000, 0x0000000085100000, 0x0000000085200000|  0%| F|  |TAMS 0x0000000085100000| PB 0x0000000085100000| Untracked 
|  60|0x0000000085200000, 0x0000000085200000, 0x0000000085300000|  0%| F|  |TAMS 0x0000000085200000| PB 0x0000000085200000| Untracked 
|  61|0x0000000085300000, 0x0000000085300000, 0x0000000085400000|  0%| F|  |TAMS 0x0000000085300000| PB 0x0000000085300000| Untracked 
|  62|0x0000000085400000, 0x0000000085400000, 0x0000000085500000|  0%| F|  |TAMS 0x0000000085400000| PB 0x0000000085400000| Untracked 
|  63|0x0000000085500000, 0x0000000085500000, 0x0000000085600000|  0%| F|  |TAMS 0x0000000085500000| PB 0x0000000085500000| Untracked 
|  64|0x0000000085600000, 0x0000000085600000, 0x0000000085700000|  0%| F|  |TAMS 0x0000000085600000| PB 0x0000000085600000| Untracked 
|  65|0x0000000085700000, 0x0000000085700000, 0x0000000085800000|  0%| F|  |TAMS 0x0000000085700000| PB 0x0000000085700000| Untracked 
|  66|0x0000000085800000, 0x0000000085800000, 0x0000000085900000|  0%| F|  |TAMS 0x0000000085800000| PB 0x0000000085800000| Untracked 
|  67|0x0000000085900000, 0x0000000085900000, 0x0000000085a00000|  0%| F|  |TAMS 0x0000000085900000| PB 0x0000000085900000| Untracked 
|  68|0x0000000085a00000, 0x0000000085a00000, 0x0000000085b00000|  0%| F|  |TAMS 0x0000000085a00000| PB 0x0000000085a00000| Untracked 
|  69|0x0000000085b00000, 0x0000000085b00000, 0x0000000085c00000|  0%| F|  |TAMS 0x0000000085b00000| PB 0x0000000085b00000| Untracked 
|  70|0x0000000085c00000, 0x0000000085c00000, 0x0000000085d00000|  0%| F|  |TAMS 0x0000000085c00000| PB 0x0000000085c00000| Untracked 
|  71|0x0000000085d00000, 0x0000000085d00000, 0x0000000085e00000|  0%| F|  |TAMS 0x0000000085d00000| PB 0x0000000085d00000| Untracked 
|  72|0x0000000085e00000, 0x0000000085e00000, 0x0000000085f00000|  0%| F|  |TAMS 0x0000000085e00000| PB 0x0000000085e00000| Untracked 
|  73|0x0000000085f00000, 0x0000000085f00000, 0x0000000086000000|  0%| F|  |TAMS 0x0000000085f00000| PB 0x0000000085f00000| Untracked 
|  74|0x0000000086000000, 0x0000000086000000, 0x0000000086100000|  0%| F|  |TAMS 0x0000000086000000| PB 0x0000000086000000| Untracked 
|  75|0x0000000086100000, 0x0000000086100000, 0x0000000086200000|  0%| F|  |TAMS 0x0000000086100000| PB 0x0000000086100000| Untracked 
|  76|0x0000000086200000, 0x0000000086200000, 0x0000000086300000|  0%| F|  |TAMS 0x0000000086200000| PB 0x0000000086200000| Untracked 
|  77|0x0000000086300000, 0x0000000086300000, 0x0000000086400000|  0%| F|  |TAMS 0x0000000086300000| PB 0x0000000086300000| Untracked 
|  78|0x0000000086400000, 0x0000000086400000, 0x0000000086500000|  0%| F|  |TAMS 0x0000000086400000| PB 0x0000000086400000| Untracked 
|  79|0x0000000086500000, 0x0000000086500000, 0x0000000086600000|  0%| F|  |TAMS 0x0000000086500000| PB 0x0000000086500000| Untracked 
|  80|0x0000000086600000, 0x0000000086600000, 0x0000000086700000|  0%| F|  |TAMS 0x0000000086600000| PB 0x0000000086600000| Untracked 
|  81|0x0000000086700000, 0x0000000086700000, 0x0000000086800000|  0%| F|  |TAMS 0x0000000086700000| PB 0x0000000086700000| Untracked 
|  82|0x0000000086800000, 0x0000000086800000, 0x0000000086900000|  0%| F|  |TAMS 0x0000000086800000| PB 0x0000000086800000| Untracked 
|  83|0x0000000086900000, 0x0000000086900000, 0x0000000086a00000|  0%| F|  |TAMS 0x0000000086900000| PB 0x0000000086900000| Untracked 
|  84|0x0000000086a00000, 0x0000000086a00000, 0x0000000086b00000|  0%| F|  |TAMS 0x0000000086a00000| PB 0x0000000086a00000| Untracked 
|  85|0x0000000086b00000, 0x0000000086b00000, 0x0000000086c00000|  0%| F|  |TAMS 0x0000000086b00000| PB 0x0000000086b00000| Untracked 
|  86|0x0000000086c00000, 0x0000000086c00000, 0x0000000086d00000|  0%| F|  |TAMS 0x0000000086c00000| PB 0x0000000086c00000| Untracked 
|  87|0x0000000086d00000, 0x0000000086d00000, 0x0000000086e00000|  0%| F|  |TAMS 0x0000000086d00000| PB 0x0000000086d00000| Untracked 
|  88|0x0000000086e00000, 0x0000000086e00000, 0x0000000086f00000|  0%| F|  |TAMS 0x0000000086e00000| PB 0x0000000086e00000| Untracked 
|  89|0x0000000086f00000, 0x0000000086f00000, 0x0000000087000000|  0%| F|  |TAMS 0x0000000086f00000| PB 0x0000000086f00000| Untracked 
|  90|0x0000000087000000, 0x0000000087000000, 0x0000000087100000|  0%| F|  |TAMS 0x0000000087000000| PB 0x0000000087000000| Untracked 
|  91|0x0000000087100000, 0x0000000087100000, 0x0000000087200000|  0%| F|  |TAMS 0x0000000087100000| PB 0x0000000087100000| Untracked 
|  92|0x0000000087200000, 0x0000000087200000, 0x0000000087300000|  0%| F|  |TAMS 0x0000000087200000| PB 0x0000000087200000| Untracked 
|  93|0x0000000087300000, 0x0000000087300000, 0x0000000087400000|  0%| F|  |TAMS 0x0000000087300000| PB 0x0000000087300000| Untracked 
|  94|0x0000000087400000, 0x0000000087400000, 0x0000000087500000|  0%| F|  |TAMS 0x0000000087400000| PB 0x0000000087400000| Untracked 
|  95|0x0000000087500000, 0x0000000087500000, 0x0000000087600000|  0%| F|  |TAMS 0x0000000087500000| PB 0x0000000087500000| Untracked 
|  96|0x0000000087600000, 0x0000000087600000, 0x0000000087700000|  0%| F|  |TAMS 0x0000000087600000| PB 0x0000000087600000| Untracked 
|  97|0x0000000087700000, 0x0000000087700000, 0x0000000087800000|  0%| F|  |TAMS 0x0000000087700000| PB 0x0000000087700000| Untracked 
|  98|0x0000000087800000, 0x0000000087800000, 0x0000000087900000|  0%| F|  |TAMS 0x0000000087800000| PB 0x0000000087800000| Untracked 
|  99|0x0000000087900000, 0x0000000087900000, 0x0000000087a00000|  0%| F|  |TAMS 0x0000000087900000| PB 0x0000000087900000| Untracked 
| 100|0x0000000087a00000, 0x0000000087a00000, 0x0000000087b00000|  0%| F|  |TAMS 0x0000000087a00000| PB 0x0000000087a00000| Untracked 
| 101|0x0000000087b00000, 0x0000000087b00000, 0x0000000087c00000|  0%| F|  |TAMS 0x0000000087b00000| PB 0x0000000087b00000| Untracked 
| 102|0x0000000087c00000, 0x0000000087c00000, 0x0000000087d00000|  0%| F|  |TAMS 0x0000000087c00000| PB 0x0000000087c00000| Untracked 
| 103|0x0000000087d00000, 0x0000000087d00000, 0x0000000087e00000|  0%| F|  |TAMS 0x0000000087d00000| PB 0x0000000087d00000| Untracked 
| 104|0x0000000087e00000, 0x0000000087e00000, 0x0000000087f00000|  0%| F|  |TAMS 0x0000000087e00000| PB 0x0000000087e00000| Untracked 
| 105|0x0000000087f00000, 0x0000000087f00000, 0x0000000088000000|  0%| F|  |TAMS 0x0000000087f00000| PB 0x0000000087f00000| Untracked 
| 106|0x0000000088000000, 0x0000000088000000, 0x0000000088100000|  0%| F|  |TAMS 0x0000000088000000| PB 0x0000000088000000| Untracked 
| 107|0x0000000088100000, 0x0000000088100000, 0x0000000088200000|  0%| F|  |TAMS 0x0000000088100000| PB 0x0000000088100000| Untracked 
| 108|0x0000000088200000, 0x00000000882d3ca0, 0x0000000088300000| 82%| E|  |TAMS 0x0000000088200000| PB 0x0000000088200000| Complete 
| 109|0x0000000088300000, 0x0000000088400000, 0x0000000088400000|100%| S|CS|TAMS 0x0000000088300000| PB 0x0000000088300000| Complete 
| 110|0x0000000088400000, 0x0000000088500000, 0x0000000088500000|100%| S|CS|TAMS 0x0000000088400000| PB 0x0000000088400000| Complete 
| 111|0x0000000088500000, 0x0000000088600000, 0x0000000088600000|100%| E|CS|TAMS 0x0000000088500000| PB 0x0000000088500000| Complete 
| 112|0x0000000088600000, 0x0000000088700000, 0x0000000088700000|100%| E|CS|TAMS 0x0000000088600000| PB 0x0000000088600000| Complete 
| 113|0x0000000088700000, 0x0000000088800000, 0x0000000088800000|100%| E|CS|TAMS 0x0000000088700000| PB 0x0000000088700000| Complete 
| 114|0x0000000088800000, 0x0000000088900000, 0x0000000088900000|100%| E|CS|TAMS 0x0000000088800000| PB 0x0000000088800000| Complete 
| 115|0x0000000088900000, 0x0000000088a00000, 0x0000000088a00000|100%| E|CS|TAMS 0x0000000088900000| PB 0x0000000088900000| Complete 
| 116|0x0000000088a00000, 0x0000000088b00000, 0x0000000088b00000|100%| E|CS|TAMS 0x0000000088a00000| PB 0x0000000088a00000| Complete 
| 117|0x0000000088b00000, 0x0000000088c00000, 0x0000000088c00000|100%| E|CS|TAMS 0x0000000088b00000| PB 0x0000000088b00000| Complete 
| 118|0x0000000088c00000, 0x0000000088d00000, 0x0000000088d00000|100%| E|CS|TAMS 0x0000000088c00000| PB 0x0000000088c00000| Complete 
| 119|0x0000000088d00000, 0x0000000088e00000, 0x0000000088e00000|100%| E|CS|TAMS 0x0000000088d00000| PB 0x0000000088d00000| Complete 
| 120|0x0000000088e00000, 0x0000000088f00000, 0x0000000088f00000|100%| E|CS|TAMS 0x0000000088e00000| PB 0x0000000088e00000| Complete 
| 121|0x0000000088f00000, 0x0000000089000000, 0x0000000089000000|100%| E|CS|TAMS 0x0000000088f00000| PB 0x0000000088f00000| Complete 
| 122|0x0000000089000000, 0x0000000089100000, 0x0000000089100000|100%| E|CS|TAMS 0x0000000089000000| PB 0x0000000089000000| Complete 
| 123|0x0000000089100000, 0x0000000089200000, 0x0000000089200000|100%| E|CS|TAMS 0x0000000089100000| PB 0x0000000089100000| Complete 
| 124|0x0000000089200000, 0x0000000089300000, 0x0000000089300000|100%| E|CS|TAMS 0x0000000089200000| PB 0x0000000089200000| Complete 
| 125|0x0000000089300000, 0x0000000089400000, 0x0000000089400000|100%| E|CS|TAMS 0x0000000089300000| PB 0x0000000089300000| Complete 
| 126|0x0000000089400000, 0x0000000089500000, 0x0000000089500000|100%| E|CS|TAMS 0x0000000089400000| PB 0x0000000089400000| Complete 
| 127|0x0000000089500000, 0x0000000089600000, 0x0000000089600000|100%| E|CS|TAMS 0x0000000089500000| PB 0x0000000089500000| Complete 

Card table byte_map: [0x000001d23f070000,0x000001d23f470000] _byte_map_base: 0x000001d23ec65000

Marking Bits: (CMBitMap*) 0x000001d22c1aba20
 Bits: [0x000001d23f470000, 0x000001d241418000)

Polling page: 0x000001d22b920000

Metaspace:

Usage:
  Non-class:     11.25 MB used.
      Class:      1.49 MB used.
       Both:     12.75 MB used.

Virtual space:
  Non-class space:       64.00 MB reserved,      11.44 MB ( 18%) committed,  1 nodes.
      Class space:        1.00 GB reserved,       1.69 MB ( <1%) committed,  1 nodes.
             Both:        1.06 GB reserved,      13.12 MB (  1%) committed. 

Chunk freelists:
   Non-Class:  3.84 MB
       Class:  14.29 MB
        Both:  18.13 MB

MaxMetaspaceSize: unlimited
CompressedClassSpaceSize: 1.00 GB
Initial GC threshold: 21.00 MB
Current GC threshold: 21.00 MB
CDS: on
 - commit_granule_bytes: 65536.
 - commit_granule_words: 8192.
 - virtual_space_node_default_size: 8388608.
 - enlarge_chunks_in_place: 1.
 - use_allocation_guard: 0.


Internal statistics:

num_allocs_failed_limit: 0.
num_arena_births: 374.
num_arena_deaths: 0.
num_vsnodes_births: 2.
num_vsnodes_deaths: 0.
num_space_committed: 210.
num_space_uncommitted: 0.
num_chunks_returned_to_freelist: 0.
num_chunks_taken_from_freelist: 714.
num_chunk_merges: 0.
num_chunk_splits: 408.
num_chunks_enlarged: 206.
num_inconsistent_stats: 0.

CodeHeap 'non-profiled nmethods': size=120000Kb used=812Kb max_used=812Kb free=119187Kb
 bounds [0x000001d237740000, 0x000001d2379b0000, 0x000001d23ec70000]
CodeHeap 'profiled nmethods': size=120000Kb used=4417Kb max_used=4417Kb free=115582Kb
 bounds [0x000001d22fc70000, 0x000001d2300d0000, 0x000001d2371a0000]
CodeHeap 'non-nmethods': size=5760Kb used=1451Kb max_used=1490Kb free=4308Kb
 bounds [0x000001d2371a0000, 0x000001d237410000, 0x000001d237740000]
 total_blobs=2922 nmethods=2383 adapters=443
 compilation: enabled
              stopped_count=0, restarted_count=0
 full_count=0

Compilation events (20 events):
Event: 18.984 Thread 0x000001d243902d40 nmethod 2350 0x000001d2300ae610 code [0x000001d2300ae800, 0x000001d2300aedc0]
Event: 18.984 Thread 0x000001d243902d40 2351       3       java.lang.StringBuilder::<init> (6 bytes)
Event: 18.984 Thread 0x000001d243902d40 nmethod 2351 0x000001d2300aef90 code [0x000001d2300af140, 0x000001d2300af278]
Event: 18.984 Thread 0x000001d243902d40 2352       3       java.lang.AbstractStringBuilder::<init> (63 bytes)
Event: 18.985 Thread 0x000001d243902d40 nmethod 2352 0x000001d2300af310 code [0x000001d2300af500, 0x000001d2300afa78]
Event: 18.985 Thread 0x000001d243902d40 2353       3       java.util.Spliterators$IteratorSpliterator::estimateSize (41 bytes)
Event: 18.985 Thread 0x000001d243902d40 nmethod 2353 0x000001d2300afc90 code [0x000001d2300afe60, 0x000001d2300b01d0]
Event: 18.990 Thread 0x000001d243902d40 2356       3       java.util.Spliterators::spliterator (16 bytes)
Event: 18.991 Thread 0x000001d243902d40 nmethod 2356 0x000001d2300b0310 code [0x000001d2300b04e0, 0x000001d2300b08e8]
Event: 18.991 Thread 0x000001d243902d40 2357       3       java.util.Spliterators$IteratorSpliterator::<init> (39 bytes)
Event: 18.991 Thread 0x000001d243902d40 nmethod 2357 0x000001d2300b0a90 code [0x000001d2300b0c40, 0x000001d2300b0e88]
Event: 18.991 Thread 0x000001d243902d40 2358       3       jdk.internal.net.http.common.Utils$$Lambda/0x000001d245038aa0::test (12 bytes)
Event: 18.991 Thread 0x000001d243902d40 nmethod 2358 0x000001d2300b0f90 code [0x000001d2300b1160, 0x000001d2300b16b8]
Event: 18.991 Thread 0x000001d243902d40 2359       3       jdk.internal.net.http.common.Utils::lambda$static$2 (18 bytes)
Event: 18.992 Thread 0x000001d243902d40 nmethod 2359 0x000001d2300b1810 code [0x000001d2300b19c0, 0x000001d2300b1cc0]
Event: 18.992 Thread 0x000001d243902d40 2360       3       sun.nio.ch.Util::getTemporaryDirectBuffer (55 bytes)
Event: 18.992 Thread 0x000001d243902d40 nmethod 2360 0x000001d2300b1e10 code [0x000001d2300b20a0, 0x000001d2300b2c10]
Event: 18.992 Thread 0x000001d243902d40 2361       3       sun.nio.ch.Util$BufferCache::get (164 bytes)
Event: 18.993 Thread 0x000001d243902d40 nmethod 2361 0x000001d2300b2f90 code [0x000001d2300b31c0, 0x000001d2300b3b98]
Event: 18.993 Thread 0x000001d243902d40 2362       3       sun.nio.ch.Util::isBufferTooLarge (8 bytes)

GC Heap History (4 events):
Event: 1.390 GC heap before
{Heap before GC invocations=0 (full 0):
 garbage-first heap   total 131072K, used 13312K [0x0000000081600000, 0x0000000100000000)
  region size 1024K, 13 young (13312K), 0 survivors (0K)
 Metaspace       used 5910K, committed 6080K, reserved 1114112K
  class space    used 686K, committed 768K, reserved 1048576K
}
Event: 1.396 GC heap after
{Heap after GC invocations=1 (full 0):
 garbage-first heap   total 131072K, used 4918K [0x0000000081600000, 0x0000000100000000)
  region size 1024K, 2 young (2048K), 2 survivors (2048K)
 Metaspace       used 5910K, committed 6080K, reserved 1114112K
  class space    used 686K, committed 768K, reserved 1048576K
}
Event: 1.831 GC heap before
{Heap before GC invocations=1 (full 0):
 garbage-first heap   total 131072K, used 19254K [0x0000000081600000, 0x0000000100000000)
  region size 1024K, 17 young (17408K), 2 survivors (2048K)
 Metaspace       used 10334K, committed 10688K, reserved 1114112K
  class space    used 1191K, committed 1344K, reserved 1048576K
}
Event: 1.837 GC heap after
{Heap after GC invocations=2 (full 0):
 garbage-first heap   total 131072K, used 7109K [0x0000000081600000, 0x0000000100000000)
  region size 1024K, 2 young (2048K), 2 survivors (2048K)
 Metaspace       used 10334K, committed 10688K, reserved 1114112K
  class space    used 1191K, committed 1344K, reserved 1048576K
}

Dll operation events (10 events):
Event: 0.014 Loaded shared library C:\Users\WINIT\Downloads\eclipse-java-2024-12-R-win32-x86_64\eclipse\plugins\org.eclipse.justj.openjdk.hotspot.jre.full.win32.x86_64_21.0.5.v20241023-1957\jre\bin\java.dll
Event: 0.052 Loaded shared library C:\Users\WINIT\Downloads\eclipse-java-2024-12-R-win32-x86_64\eclipse\plugins\org.eclipse.justj.openjdk.hotspot.jre.full.win32.x86_64_21.0.5.v20241023-1957\jre\bin\zip.dll
Event: 0.189 Loaded shared library C:\Users\WINIT\Downloads\eclipse-java-2024-12-R-win32-x86_64\eclipse\plugins\org.eclipse.justj.openjdk.hotspot.jre.full.win32.x86_64_21.0.5.v20241023-1957\jre\bin\net.dll
Event: 0.194 Loaded shared library C:\Users\WINIT\Downloads\eclipse-java-2024-12-R-win32-x86_64\eclipse\plugins\org.eclipse.justj.openjdk.hotspot.jre.full.win32.x86_64_21.0.5.v20241023-1957\jre\bin\nio.dll
Event: 0.202 Loaded shared library C:\Users\WINIT\Downloads\eclipse-java-2024-12-R-win32-x86_64\eclipse\plugins\org.eclipse.justj.openjdk.hotspot.jre.full.win32.x86_64_21.0.5.v20241023-1957\jre\bin\zip.dll
Event: 0.308 Loaded shared library C:\Users\WINIT\Downloads\eclipse-java-2024-12-R-win32-x86_64\eclipse\plugins\org.eclipse.justj.openjdk.hotspot.jre.full.win32.x86_64_21.0.5.v20241023-1957\jre\bin\jimage.dll
Event: 0.399 Loaded shared library C:\Users\WINIT\Downloads\eclipse-java-2024-12-R-win32-x86_64\eclipse\plugins\org.eclipse.justj.openjdk.hotspot.jre.full.win32.x86_64_21.0.5.v20241023-1957\jre\bin\extnet.dll
Event: 0.466 Loaded shared library C:\Users\WINIT\Downloads\eclipse-java-2024-12-R-win32-x86_64\eclipse\plugins\org.eclipse.justj.openjdk.hotspot.jre.full.win32.x86_64_21.0.5.v20241023-1957\jre\bin\management.dll
Event: 0.471 Loaded shared library C:\Users\WINIT\Downloads\eclipse-java-2024-12-R-win32-x86_64\eclipse\plugins\org.eclipse.justj.openjdk.hotspot.jre.full.win32.x86_64_21.0.5.v20241023-1957\jre\bin\management_ext.dll
Event: 1.559 Loaded shared library C:\Users\WINIT\Downloads\eclipse-java-2024-12-R-win32-x86_64\eclipse\plugins\org.eclipse.justj.openjdk.hotspot.jre.full.win32.x86_64_21.0.5.v20241023-1957\jre\bin\sunmscapi.dll

Deoptimization events (20 events):
Event: 2.887 Thread 0x000001d22a015860 DEOPT PACKING pc=0x000001d23778aa48 sp=0x0000001364bfe580
Event: 2.887 Thread 0x000001d22a015860 DEOPT UNPACKING pc=0x000001d2371f46a2 sp=0x0000001364bfe500 mode 2
Event: 2.908 Thread 0x000001d22a015860 Uncommon trap: trap_request=0xffffffde fr.pc=0x000001d2377a43d8 relative=0x0000000000000518
Event: 2.909 Thread 0x000001d22a015860 Uncommon trap: reason=class_check action=maybe_recompile pc=0x000001d2377a43d8 method=java.util.HashMap.putVal(ILjava/lang/Object;Ljava/lang/Object;ZZ)Ljava/lang/Object; @ 253 c2
Event: 2.909 Thread 0x000001d22a015860 DEOPT PACKING pc=0x000001d2377a43d8 sp=0x0000001364bfedf0
Event: 2.909 Thread 0x000001d22a015860 DEOPT UNPACKING pc=0x000001d2371f46a2 sp=0x0000001364bfed80 mode 2
Event: 2.910 Thread 0x000001d22a015860 Uncommon trap: trap_request=0xffffffde fr.pc=0x000001d2377a43d8 relative=0x0000000000000518
Event: 2.910 Thread 0x000001d22a015860 Uncommon trap: reason=class_check action=maybe_recompile pc=0x000001d2377a43d8 method=java.util.HashMap.putVal(ILjava/lang/Object;Ljava/lang/Object;ZZ)Ljava/lang/Object; @ 253 c2
Event: 2.910 Thread 0x000001d22a015860 DEOPT PACKING pc=0x000001d2377a43d8 sp=0x0000001364bfedf0
Event: 2.910 Thread 0x000001d22a015860 DEOPT UNPACKING pc=0x000001d2371f46a2 sp=0x0000001364bfed80 mode 2
Event: 5.474 Thread 0x000001d22a015860 Uncommon trap: trap_request=0xffffff45 fr.pc=0x000001d23778cd14 relative=0x00000000000009d4
Event: 5.475 Thread 0x000001d22a015860 Uncommon trap: reason=unstable_if action=reinterpret pc=0x000001d23778cd14 method=jdk.internal.org.objectweb.asm.SymbolTable.put(Ljdk/internal/org/objectweb/asm/SymbolTable$Entry;)Ljdk/internal/org/objectweb/asm/SymbolTable$Entry; @ 13 c2
Event: 5.475 Thread 0x000001d22a015860 DEOPT PACKING pc=0x000001d23778cd14 sp=0x0000001364bfeb90
Event: 5.475 Thread 0x000001d22a015860 DEOPT UNPACKING pc=0x000001d2371f46a2 sp=0x0000001364bfeac8 mode 2
Event: 7.231 Thread 0x000001d22a015860 DEOPT PACKING pc=0x000001d2300607c9 sp=0x0000001364bfea30
Event: 7.232 Thread 0x000001d22a015860 DEOPT UNPACKING pc=0x000001d2371f4e42 sp=0x0000001364bfdef0 mode 0
Event: 18.978 Thread 0x000001d22a015860 Uncommon trap: trap_request=0xffffffde fr.pc=0x000001d237801834 relative=0x0000000000000c14
Event: 18.978 Thread 0x000001d22a015860 Uncommon trap: reason=class_check action=maybe_recompile pc=0x000001d237801834 method=java.lang.StringLatin1$CharsSpliterator.forEachRemaining(Ljava/util/function/IntConsumer;)V @ 57 c2
Event: 18.978 Thread 0x000001d22a015860 DEOPT PACKING pc=0x000001d237801834 sp=0x0000001364bff530
Event: 18.978 Thread 0x000001d22a015860 DEOPT UNPACKING pc=0x000001d2371f46a2 sp=0x0000001364bff530 mode 2

Classes loaded (20 events):
Event: 5.497 Loading class sun/util/calendar/ZoneInfoFile$Checksum
Event: 5.497 Loading class sun/util/calendar/ZoneInfoFile$Checksum done
Event: 5.498 Loading class java/time/zone/ZoneRulesProvider
Event: 5.498 Loading class java/time/zone/ZoneRulesProvider done
Event: 5.499 Loading class java/time/zone/ZoneRulesProvider$1
Event: 5.499 Loading class java/time/zone/ZoneRulesProvider$1 done
Event: 5.499 Loading class java/time/zone/TzdbZoneRulesProvider
Event: 5.499 Loading class java/time/zone/TzdbZoneRulesProvider done
Event: 5.512 Loading class java/time/zone/Ser
Event: 5.512 Loading class java/io/Externalizable
Event: 5.512 Loading class java/io/Externalizable done
Event: 5.512 Loading class java/time/zone/Ser done
Event: 18.622 Loading class java/util/TreeMap$EntrySpliterator
Event: 18.622 Loading class java/util/TreeMap$EntrySpliterator done
Event: 18.624 Loading class java/util/stream/SortedOps$SizedRefSortingSink
Event: 18.624 Loading class java/util/stream/SortedOps$SizedRefSortingSink done
Event: 18.968 Loading class java/util/UUID$Holder
Event: 18.968 Loading class java/util/UUID$Holder done
Event: 18.983 Loading class java/util/LinkedList$LLSpliterator
Event: 18.983 Loading class java/util/LinkedList$LLSpliterator done

Classes unloaded (0 events):
No events

Classes redefined (0 events):
No events

Internal exceptions (20 events):
Event: 1.643 Thread 0x000001d22a015860 Exception <a 'java/lang/NoSuchMethodError'{0x0000000088bd9a20}: 'java.lang.Object java.lang.invoke.DirectMethodHandle$Holder.invokeInterface(java.lang.Object, java.lang.Object, java.lang.Object)'> (0x0000000088bd9a20) 
thrown [s\src\hotspot\share\interpreter\linkResolver.cpp, line 773]
Event: 1.643 Thread 0x000001d22a015860 Exception <a 'java/lang/IncompatibleClassChangeError'{0x0000000088bdce28}: Found class java.lang.Object, but interface was expected> (0x0000000088bdce28) 
thrown [s\src\hotspot\share\interpreter\linkResolver.cpp, line 840]
Event: 1.644 Thread 0x000001d22a015860 Exception <a 'java/lang/NoSuchMethodError'{0x0000000088be4458}: 'int java.lang.invoke.DirectMethodHandle$Holder.invokeSpecialIFC(java.lang.Object, java.lang.Object, java.lang.Object, java.lang.Object)'> (0x0000000088be4458) 
thrown [s\src\hotspot\share\interpreter\linkResolver.cpp, line 773]
Event: 1.649 Thread 0x000001d22a015860 Exception <a 'java/lang/NoSuchMethodError'{0x0000000088a072c8}: 'java.lang.Object java.lang.invoke.DirectMethodHandle$Holder.invokeVirtual(java.lang.Object, java.lang.Object, java.lang.Object, java.lang.Object)'> (0x0000000088a072c8) 
thrown [s\src\hotspot\share\interpreter\linkResolver.cpp, line 773]
Event: 1.675 Thread 0x000001d289741a20 Exception <a 'java/net/ConnectException'{0x0000000088a67e78}: Connection refused: getsockopt> (0x0000000088a67e78) 
thrown [s\src\hotspot\share\prims\jni.cpp, line 539]
Event: 1.695 Thread 0x000001d289741a20 Exception <a 'java/net/ConnectException'{0x0000000088a68fc8}: Connection refused: getsockopt> (0x0000000088a68fc8) 
thrown [s\src\hotspot\share\prims\jni.cpp, line 539]
Event: 1.763 Thread 0x000001d22a015860 Exception <a 'java/lang/NoSuchMethodError'{0x000000008893a138}: 'java.lang.Object java.lang.invoke.DirectMethodHandle$Holder.newInvokeSpecial(java.lang.Object, java.lang.Object, int, int)'> (0x000000008893a138) 
thrown [s\src\hotspot\share\interpreter\linkResolver.cpp, line 773]
Event: 1.765 Thread 0x000001d22a015860 Exception <a 'java/lang/NoSuchMethodError'{0x00000000889449b8}: 'void java.lang.invoke.DirectMethodHandle$Holder.invokeStatic(java.lang.Object, java.lang.Object, int)'> (0x00000000889449b8) 
thrown [s\src\hotspot\share\interpreter\linkResolver.cpp, line 773]
Event: 1.779 Thread 0x000001d22a015860 Exception <a 'java/lang/NoSuchMethodError'{0x00000000889bffb0}: 'java.lang.Object java.lang.invoke.DirectMethodHandle$Holder.newInvokeSpecial(java.lang.Object, java.lang.Object, java.lang.Object, java.lang.Object, java.lang.Object)'> (0x00000000889bffb0) 
thrown [s\src\hotspot\share\interpreter\linkResolver.cpp, line 773]
Event: 1.830 Thread 0x000001d2896beeb0 Exception <a 'java/lang/NoSuchMethodError'{0x00000000885fc2d8}: 'java.lang.Object java.lang.invoke.DirectMethodHandle$Holder.invokeSpecial(java.lang.Object, java.lang.Object, java.lang.Object, java.lang.Object, int)'> (0x00000000885fc2d8) 
thrown [s\src\hotspot\share\interpreter\linkResolver.cpp, line 773]
Event: 1.837 Thread 0x000001d2896beeb0 Exception <a 'java/lang/NoSuchMethodError'{0x0000000088374ab0}: 'java.lang.Object java.lang.invoke.Invokers$Holder.linkToTargetMethod(java.lang.Object, java.lang.Object, int, java.lang.Object)'> (0x0000000088374ab0) 
thrown [s\src\hotspot\share\interpreter\linkResolver.cpp, line 773]
Event: 1.848 Thread 0x000001d2896beeb0 Exception <a 'java/lang/NoSuchMethodError'{0x00000000895a5bb0}: 'void java.lang.invoke.DirectMethodHandle$Holder.invokeSpecial(java.lang.Object, java.lang.Object, java.lang.Object)'> (0x00000000895a5bb0) 
thrown [s\src\hotspot\share\interpreter\linkResolver.cpp, line 773]
Event: 1.860 Thread 0x000001d2896beeb0 Exception <a 'java/lang/NoSuchMethodError'{0x000000008944c4c8}: 'void java.lang.invoke.DirectMethodHandle$Holder.invokeSpecial(java.lang.Object, java.lang.Object, java.lang.Object, java.lang.Object, java.lang.Object)'> (0x000000008944c4c8) 
thrown [s\src\hotspot\share\interpreter\linkResolver.cpp, line 773]
Event: 2.680 Thread 0x000001d2896dd580 Exception <a 'java/lang/NoSuchMethodError'{0x0000000089256cd0}: 'void java.lang.invoke.DirectMethodHandle$Holder.invokeSpecial(java.lang.Object, java.lang.Object, java.lang.Object, java.lang.Object, java.lang.Object, java.lang.Object, java.lang.Object)'> (0x0000000089256cd0) 
thrown [s\src\hotspot\share\interpreter\linkResolver.cpp, line 773]
Event: 2.700 Thread 0x000001d22a015860 Exception <a 'java/lang/NoSuchMethodError'{0x00000000892f1c98}: 'java.lang.Object java.lang.invoke.DirectMethodHandle$Holder.invokeSpecialIFC(java.lang.Object, java.lang.Object, java.lang.Object)'> (0x00000000892f1c98) 
thrown [s\src\hotspot\share\interpreter\linkResolver.cpp, line 773]
Event: 2.907 Thread 0x000001d22a015860 Exception <a 'java/lang/NoSuchMethodError'{0x0000000088cf4880}: 'void java.lang.invoke.Invokers$Holder.invokeExact_MT(java.lang.Object, java.lang.Object, java.lang.Object, java.lang.Object)'> (0x0000000088cf4880) 
thrown [s\src\hotspot\share\interpreter\linkResolver.cpp, line 773]
Event: 5.374 Thread 0x000001d22a015860 Exception <a 'java/lang/NoSuchMethodError'{0x0000000088b8af80}: 'void java.lang.invoke.DirectMethodHandle$Holder.invokeInterface(java.lang.Object, java.lang.Object)'> (0x0000000088b8af80) 
thrown [s\src\hotspot\share\interpreter\linkResolver.cpp, line 773]
Event: 5.514 Thread 0x000001d22a015860 Exception <a 'java/lang/NoSuchMethodError'{0x0000000088ab3f80}: 'void java.lang.invoke.DirectMethodHandle$Holder.invokeStaticInit(java.lang.Object, java.lang.Object)'> (0x0000000088ab3f80) 
thrown [s\src\hotspot\share\interpreter\linkResolver.cpp, line 773]
Event: 5.727 Thread 0x000001d22a015860 Exception <a 'java/lang/IncompatibleClassChangeError'{0x00000000889ee170}: Found class java.lang.Object, but interface was expected> (0x00000000889ee170) 
thrown [s\src\hotspot\share\interpreter\linkResolver.cpp, line 840]
Event: 18.976 Thread 0x000001d22a015860 Exception <a 'java/lang/NoSuchMethodError'{0x00000000885ab430}: 'void java.lang.invoke.DirectMethodHandle$Holder.invokeSpecial(java.lang.Object, java.lang.Object, int)'> (0x00000000885ab430) 
thrown [s\src\hotspot\share\interpreter\linkResolver.cpp, line 773]

ZGC Phase Switch (0 events):
No events

VM Operations (20 events):
Event: 3.865 Executing VM operation: Cleanup
Event: 3.865 Executing VM operation: Cleanup done
Event: 4.876 Executing VM operation: Cleanup
Event: 4.876 Executing VM operation: Cleanup done
Event: 5.498 Executing VM operation: HandshakeAllThreads (Deoptimize)
Event: 5.498 Executing VM operation: HandshakeAllThreads (Deoptimize) done
Event: 6.511 Executing VM operation: Cleanup
Event: 6.511 Executing VM operation: Cleanup done
Event: 7.527 Executing VM operation: Cleanup
Event: 7.527 Executing VM operation: Cleanup done
Event: 8.532 Executing VM operation: Cleanup
Event: 8.532 Executing VM operation: Cleanup done
Event: 11.569 Executing VM operation: Cleanup
Event: 11.569 Executing VM operation: Cleanup done
Event: 12.576 Executing VM operation: Cleanup
Event: 12.576 Executing VM operation: Cleanup done
Event: 18.632 Executing VM operation: Cleanup
Event: 18.632 Executing VM operation: Cleanup done
Event: 18.977 Executing VM operation: HandshakeAllThreads (Deoptimize)
Event: 18.977 Executing VM operation: HandshakeAllThreads (Deoptimize) done

Memory protections (0 events):
No events

Nmethod flushes (0 events):
No events

Events (20 events):
Event: 1.665 Thread 0x000001d28976fe80 Thread added: 0x000001d289741a20
Event: 1.731 Thread 0x000001d289741a20 Thread added: 0x000001d289742080
Event: 1.732 Thread 0x000001d289627010 Thread exited: 0x000001d289627010
Event: 1.793 Thread 0x000001d22a015860 Thread added: 0x000001d2896beeb0
Event: 1.795 Thread 0x000001d22a015860 Thread added: 0x000001d2896dcef0
Event: 1.874 Thread 0x000001d28973fa40 Thread added: 0x000001d2896dd580
Event: 1.876 Thread 0x000001d28973fa40 Thread added: 0x000001d2896ddc10
Event: 1.877 Thread 0x000001d28973fa40 Thread added: 0x000001d2896db4b0
Event: 2.766 Thread 0x000001d22a015860 Thread added: 0x000001d2896da790
Event: 2.767 Thread 0x000001d22a015860 Thread added: 0x000001d2896dbb40
Event: 2.769 Thread 0x000001d2896da790 Thread added: 0x000001d2896dae20
Event: 2.769 Thread 0x000001d2896da790 Thread added: 0x000001d2896dc1d0
Event: 2.769 Thread 0x000001d2896da790 Thread added: 0x000001d2896dc860
Event: 2.896 Thread 0x000001d243902d40 Thread added: 0x000001d28a3fc2b0
Event: 4.492 Thread 0x000001d28a3fc2b0 Thread exited: 0x000001d28a3fc2b0
Event: 5.502 Thread 0x000001d243902d40 Thread added: 0x000001d243942c70
Event: 5.681 Thread 0x000001d243942c70 Thread exited: 0x000001d243942c70
Event: 5.952 Thread 0x000001d243902d40 Thread added: 0x000001d243a715a0
Event: 6.482 Thread 0x000001d243a715a0 Thread exited: 0x000001d243a715a0
Event: 16.743 Thread 0x000001d289742080 Thread exited: 0x000001d289742080


Dynamic libraries:
0x00007ff7317e0000 - 0x00007ff7317ee000 	C:\Users\WINIT\Downloads\eclipse-java-2024-12-R-win32-x86_64\eclipse\plugins\org.eclipse.justj.openjdk.hotspot.jre.full.win32.x86_64_21.0.5.v20241023-1957\jre\bin\javaw.exe
0x00007ffa0ce90000 - 0x00007ffa0d088000 	C:\Windows\SYSTEM32\ntdll.dll
0x00007ffa0bdd0000 - 0x00007ffa0be92000 	C:\Windows\System32\KERNEL32.DLL
0x00007ffa0a5b0000 - 0x00007ffa0a8af000 	C:\Windows\System32\KERNELBASE.dll
0x00007ffa0aa70000 - 0x00007ffa0ab70000 	C:\Windows\System32\ucrtbase.dll
0x00007ff9f9290000 - 0x00007ff9f92a8000 	C:\Users\WINIT\Downloads\eclipse-java-2024-12-R-win32-x86_64\eclipse\plugins\org.eclipse.justj.openjdk.hotspot.jre.full.win32.x86_64_21.0.5.v20241023-1957\jre\bin\jli.dll
0x00007ffa0c590000 - 0x00007ffa0c72d000 	C:\Windows\System32\USER32.dll
0x00007ffa0ae70000 - 0x00007ffa0ae92000 	C:\Windows\System32\win32u.dll
0x00007ffa0cda0000 - 0x00007ffa0cdcb000 	C:\Windows\System32\GDI32.dll
0x00007ffa0a8b0000 - 0x00007ffa0a9c7000 	C:\Windows\System32\gdi32full.dll
0x00007ffa0ad20000 - 0x00007ffa0adbd000 	C:\Windows\System32\msvcp_win.dll
0x00007ff9f9270000 - 0x00007ff9f928e000 	C:\Users\WINIT\Downloads\eclipse-java-2024-12-R-win32-x86_64\eclipse\plugins\org.eclipse.justj.openjdk.hotspot.jre.full.win32.x86_64_21.0.5.v20241023-1957\jre\bin\VCRUNTIME140.dll
0x00007ff9f77b0000 - 0x00007ff9f7a4a000 	C:\Windows\WinSxS\amd64_microsoft.windows.common-controls_6595b64144ccf1df_6.0.19041.4355_none_60b8b9eb71f62e16\COMCTL32.dll
0x00007ffa0bea0000 - 0x00007ffa0bf3e000 	C:\Windows\System32\msvcrt.dll
0x00007ffa0c800000 - 0x00007ffa0c82f000 	C:\Windows\System32\IMM32.DLL
0x00007ff9f9a40000 - 0x00007ff9f9a4c000 	C:\Users\WINIT\Downloads\eclipse-java-2024-12-R-win32-x86_64\eclipse\plugins\org.eclipse.justj.openjdk.hotspot.jre.full.win32.x86_64_21.0.5.v20241023-1957\jre\bin\vcruntime140_1.dll
0x00007ff9ef280000 - 0x00007ff9ef30d000 	C:\Users\WINIT\Downloads\eclipse-java-2024-12-R-win32-x86_64\eclipse\plugins\org.eclipse.justj.openjdk.hotspot.jre.full.win32.x86_64_21.0.5.v20241023-1957\jre\bin\msvcp140.dll
0x00007ff9d8f90000 - 0x00007ff9d9d1f000 	C:\Users\WINIT\Downloads\eclipse-java-2024-12-R-win32-x86_64\eclipse\plugins\org.eclipse.justj.openjdk.hotspot.jre.full.win32.x86_64_21.0.5.v20241023-1957\jre\bin\server\jvm.dll
0x00007ffa0b890000 - 0x00007ffa0b941000 	C:\Windows\System32\ADVAPI32.dll
0x00007ffa0b740000 - 0x00007ffa0b7df000 	C:\Windows\System32\sechost.dll
0x00007ffa0bf40000 - 0x00007ffa0c063000 	C:\Windows\System32\RPCRT4.dll
0x00007ffa0a9d0000 - 0x00007ffa0a9f7000 	C:\Windows\System32\bcrypt.dll
0x00007ffa0bca0000 - 0x00007ffa0bd0b000 	C:\Windows\System32\WS2_32.dll
0x00007ffa0a380000 - 0x00007ffa0a3cb000 	C:\Windows\SYSTEM32\POWRPROF.dll
0x00007ff9f5ec0000 - 0x00007ff9f5ee7000 	C:\Windows\SYSTEM32\WINMM.dll
0x00007ffa02c50000 - 0x00007ffa02c5a000 	C:\Windows\SYSTEM32\VERSION.dll
0x00007ffa0a360000 - 0x00007ffa0a372000 	C:\Windows\SYSTEM32\UMPDC.dll
0x00007ffa08380000 - 0x00007ffa08392000 	C:\Windows\SYSTEM32\kernel.appcore.dll
0x00007ffa07720000 - 0x00007ffa0772a000 	C:\Users\WINIT\Downloads\eclipse-java-2024-12-R-win32-x86_64\eclipse\plugins\org.eclipse.justj.openjdk.hotspot.jre.full.win32.x86_64_21.0.5.v20241023-1957\jre\bin\jimage.dll
0x00007ff9fa600000 - 0x00007ff9fa7e4000 	C:\Windows\SYSTEM32\DBGHELP.DLL
0x00007ff9f9a60000 - 0x00007ff9f9a94000 	C:\Windows\SYSTEM32\dbgcore.DLL
0x00007ffa0a520000 - 0x00007ffa0a5a2000 	C:\Windows\System32\bcryptPrimitives.dll
0x00007ff9f8fd0000 - 0x00007ff9f8fef000 	C:\Users\WINIT\Downloads\eclipse-java-2024-12-R-win32-x86_64\eclipse\plugins\org.eclipse.justj.openjdk.hotspot.jre.full.win32.x86_64_21.0.5.v20241023-1957\jre\bin\java.dll
0x00007ffa0aea0000 - 0x00007ffa0b60e000 	C:\Windows\System32\SHELL32.dll
0x00007ffa08580000 - 0x00007ffa08d24000 	C:\Windows\SYSTEM32\windows.storage.dll
0x00007ffa0c920000 - 0x00007ffa0cc75000 	C:\Windows\System32\combase.dll
0x00007ffa09da0000 - 0x00007ffa09dcf000 	C:\Windows\SYSTEM32\Wldp.dll
0x00007ffa0c830000 - 0x00007ffa0c8fd000 	C:\Windows\System32\OLEAUT32.dll
0x00007ffa0b7e0000 - 0x00007ffa0b88d000 	C:\Windows\System32\SHCORE.dll
0x00007ffa0b950000 - 0x00007ffa0b9a5000 	C:\Windows\System32\shlwapi.dll
0x00007ffa0a450000 - 0x00007ffa0a474000 	C:\Windows\SYSTEM32\profapi.dll
0x00007ff9ef5e0000 - 0x00007ff9ef5f8000 	C:\Users\WINIT\Downloads\eclipse-java-2024-12-R-win32-x86_64\eclipse\plugins\org.eclipse.justj.openjdk.hotspot.jre.full.win32.x86_64_21.0.5.v20241023-1957\jre\bin\zip.dll
0x00007ffa03570000 - 0x00007ffa03580000 	C:\Users\WINIT\Downloads\eclipse-java-2024-12-R-win32-x86_64\eclipse\plugins\org.eclipse.justj.openjdk.hotspot.jre.full.win32.x86_64_21.0.5.v20241023-1957\jre\bin\net.dll
0x00007ffa03990000 - 0x00007ffa03a9d000 	C:\Windows\SYSTEM32\WINHTTP.dll
0x00007ffa09b80000 - 0x00007ffa09bea000 	C:\Windows\system32\mswsock.dll
0x00007ff9ef4e0000 - 0x00007ff9ef4f6000 	C:\Users\WINIT\Downloads\eclipse-java-2024-12-R-win32-x86_64\eclipse\plugins\org.eclipse.justj.openjdk.hotspot.jre.full.win32.x86_64_21.0.5.v20241023-1957\jre\bin\nio.dll
0x00007ff9f1800000 - 0x00007ff9f1809000 	C:\Users\WINIT\Downloads\eclipse-java-2024-12-R-win32-x86_64\eclipse\plugins\org.eclipse.justj.openjdk.hotspot.jre.full.win32.x86_64_21.0.5.v20241023-1957\jre\bin\extnet.dll
0x00007ffa098c0000 - 0x00007ffa0998a000 	C:\Windows\SYSTEM32\DNSAPI.dll
0x00007ffa09880000 - 0x00007ffa098bb000 	C:\Windows\SYSTEM32\IPHLPAPI.DLL
0x00007ffa0c7f0000 - 0x00007ffa0c7f8000 	C:\Windows\System32\NSI.dll
0x00007ff9fe620000 - 0x00007ff9fe62a000 	C:\Windows\System32\rasadhlp.dll
0x00007ffa043a0000 - 0x00007ffa04420000 	C:\Windows\System32\fwpuclnt.dll
0x00007ff9f9190000 - 0x00007ff9f919a000 	C:\Users\WINIT\Downloads\eclipse-java-2024-12-R-win32-x86_64\eclipse\plugins\org.eclipse.justj.openjdk.hotspot.jre.full.win32.x86_64_21.0.5.v20241023-1957\jre\bin\management.dll
0x00007ff9f9180000 - 0x00007ff9f918b000 	C:\Users\WINIT\Downloads\eclipse-java-2024-12-R-win32-x86_64\eclipse\plugins\org.eclipse.justj.openjdk.hotspot.jre.full.win32.x86_64_21.0.5.v20241023-1957\jre\bin\management_ext.dll
0x00007ffa0bd10000 - 0x00007ffa0bd18000 	C:\Windows\System32\PSAPI.DLL
0x00007ffa0a0f0000 - 0x00007ffa0a108000 	C:\Windows\SYSTEM32\CRYPTSP.dll
0x00007ffa094c0000 - 0x00007ffa094f4000 	C:\Windows\system32\rsaenh.dll
0x00007ffa0a410000 - 0x00007ffa0a43e000 	C:\Windows\SYSTEM32\USERENV.dll
0x00007ffa09d10000 - 0x00007ffa09d1c000 	C:\Windows\SYSTEM32\CRYPTBASE.dll
0x00007ff9f46d0000 - 0x00007ff9f46de000 	C:\Users\WINIT\Downloads\eclipse-java-2024-12-R-win32-x86_64\eclipse\plugins\org.eclipse.justj.openjdk.hotspot.jre.full.win32.x86_64_21.0.5.v20241023-1957\jre\bin\sunmscapi.dll
0x00007ffa0ab70000 - 0x00007ffa0accc000 	C:\Windows\System32\CRYPT32.dll
0x00007ffa09e10000 - 0x00007ffa09e37000 	C:\Windows\SYSTEM32\ncrypt.dll
0x00007ffa09dd0000 - 0x00007ffa09e0b000 	C:\Windows\SYSTEM32\NTASN1.dll
0x00007ff9f4380000 - 0x00007ff9f4387000 	C:\Windows\system32\wshunix.dll

dbghelp: loaded successfully - version: 4.0.5 - missing functions: none
symbol engine: initialized successfully - sym options: 0x614 - pdb path: .;C:\Users\WINIT\Downloads\eclipse-java-2024-12-R-win32-x86_64\eclipse\plugins\org.eclipse.justj.openjdk.hotspot.jre.full.win32.x86_64_21.0.5.v20241023-1957\jre\bin;C:\Windows\SYSTEM32;C:\Windows\WinSxS\amd64_microsoft.windows.common-controls_6595b64144ccf1df_6.0.19041.4355_none_60b8b9eb71f62e16;C:\Users\WINIT\Downloads\eclipse-java-2024-12-R-win32-x86_64\eclipse\plugins\org.eclipse.justj.openjdk.hotspot.jre.full.win32.x86_64_21.0.5.v20241023-1957\jre\bin\server

VM Arguments:
jvm_args: -Dfile.encoding=UTF-8 -Dstdout.encoding=UTF-8 -Dstderr.encoding=UTF-8 -XX:+ShowCodeDetailsInExceptionMessages 
java_command: GowriPrabhu.SubmitOrderTest
java_class_path (initial): C:\Users\WINIT\eclipse-workspace\SeleniumFrameworkDesign\target\test-classes;C:\Users\WINIT\eclipse-workspace\SeleniumFrameworkDesign\target\classes;C:\Users\WINIT\.m2\repository\org\seleniumhq\selenium\selenium-api\4.27.0\selenium-api-4.27.0.jar;C:\Users\WINIT\.m2\repository\org\seleniumhq\selenium\selenium-chrome-driver\4.27.0\selenium-chrome-driver-4.27.0.jar;C:\Users\WINIT\.m2\repository\org\seleniumhq\selenium\selenium-java\4.28.1\selenium-java-4.28.1.jar;C:\Users\WINIT\.m2\repository\org\seleniumhq\selenium\selenium-api\4.28.1\selenium-api-4.28.1.jar;C:\Users\WINIT\.m2\repository\org\jspecify\jspecify\1.0.0\jspecify-1.0.0.jar;C:\Users\WINIT\.m2\repository\org\seleniumhq\selenium\selenium-chrome-driver\4.28.1\selenium-chrome-driver-4.28.1.jar;C:\Users\WINIT\.m2\repository\com\google\auto\service\auto-service-annotations\1.1.1\auto-service-annotations-1.1.1.jar;C:\Users\WINIT\.m2\repository\org\seleniumhq\selenium\selenium-chromium-driver\4.28.1\selenium-chromium-driver-4.28.1.jar;C:\Users\WINIT\.m2\repository\org\seleniumhq\selenium\selenium-json\4.28.1\selenium-json-4.28.1.jar;C:\Users\WINIT\.m2\repository\org\seleniumhq\selenium\selenium-manager\4.28.1\selenium-manager-4.28.1.jar;C:\Users\WINIT\.m2\repository\org\seleniumhq\selenium\selenium-devtools-v130\4.28.1\selenium-devtools-v130-4.28.1.jar;C:\Users\WINIT\.m2\repository\org\seleniumhq\selenium\selenium-devtools-v131\4.28.1\selenium-devtools-v131-4.28.1.jar;C:\Users\WINIT\.m2\repository\org\seleniumhq\selenium\selenium-devtools-v132\4.28.1\selenium-devtools-v132-4.28.1.jar;C:\Users\WINIT\.m2\repository\org\seleniumhq\selenium\selenium-devtools-v85\4.28.1\selenium-devtools-v85-4.28.1.jar;C:\Users\WINIT\.m2\repository\org\seleniumhq\selenium\selenium-edge-driver\4.28.1\selenium-edge-driver-4.28.1.jar;C:\Users\WINIT\.m2\repository\org\seleniumhq\selenium\selenium-firefox-driver\4.28.1\selenium-firefox-driver-4.28.1.jar;C:\Users\WINIT\.m2\repository\org\seleniumhq\selenium\selenium-http\4.28.1\selenium-http-4.28.1.jar;C:\Users\WINIT\.m2\repository\org\seleniumhq\selenium\selenium-ie-driver\4.28.1\selenium-ie-driver-4.28.1.jar;C:\Users\WINIT\.m2\repository\org\seleniumhq\selenium\selenium-remote-driver\4.28.1\selenium-remote-driver-4.28.1.jar;C:\Users\WINIT\.m2\repository\com\google\guava\guava\33.4.0-jre\guava-33.4.0-jre.jar;C:\Users\WINIT\.m2\repository\com\google\guava\failureaccess\1.0.2\failureaccess-1.0.2.jar;C:\Users\WINIT\.m2\repository\com\google\guava\listenablefuture\9999.0-empty-to-avoid-conflict-with-guava\listenablefuture-9999.0-empty-to-avoid-conflict-with-guava.jar;C:\Users\WINIT\.m2\repository\com\google\code\findbugs\jsr305\3.0.2\jsr305-3.0.2.jar;C:\Users\WINIT\.m2\repository\org\checkerframework\checker-qual\3.43.0\checker-qual-3.43.0.jar;C:\Users\WINIT\.m2\repository\com\google\errorprone\error_prone_annotations\2.36.0\error_prone_annotations-2.36.0.jar;C:\Users\WINIT\.m2\repository\com\google\j2objc\j2objc-annotations\3.0.0\j2objc-annotations-3.0.0.jar;C:\Users\WINIT\.m2\repository\io\opentelemetry\semconv\opentelemetry-semconv\1.28.0-alpha\opentelemetry-semconv-1.28.0-alpha.jar;C:\Users\WINIT\.m2\repository\io\opentelemetry\opentelemetry-api\1.46.0\opentelemetry-api-1.46.0.jar;C:\Users\WINIT\.m2\repository\io\opentelemetry\opentelemetry-context\1.46.0\opentelemetry-context-1.46.0.jar;C:\Users\WINIT\.m2\repository\io\opentelemetry\opentelemetry-exporter-logging\1.46.0\opentelemetry-exporter-logging-1.46.0.jar;C:\Users\WINIT\.m2\repository\io\opentelemetry\opentelemetry-sdk-common\1.46.0\opentelemetry-sdk-common-1.46.0.jar;C:\Users\WINIT\.m2\repository\io\opentelemetry\opentelemetry-sdk-extension-autoconfigure-spi\1.46.0\opentelemetry-sdk-extension-autoconfigure-spi-1.46.0.jar;C:\Users\WINIT\.m2\repository\io\opentelemetry\opentelemetry-sdk-extension-autoconfigure\1.46.0\opentelemetry-sdk-extension-autoconfigure-1.46.0.jar;C:\Users\WINIT\.m2\repository\io\opentelemetry\opentelemetry-api-incubator\1.46.0-alpha\opentelemetry-api-incubator-1.46.0-alpha.jar;C:\Users\WINIT\.m2\repository\io\opentelemetry\opentelemetry-sdk-trace\1.46.0\opentelemetry-sdk-trace-1.46.0.jar;C:\Users\WINIT\.m2\repository\io\opentelemetry\opentelemetry-sdk\1.46.0\opentelemetry-sdk-1.46.0.jar;C:\Users\WINIT\.m2\repository\io\opentelemetry\opentelemetry-sdk-metrics\1.46.0\opentelemetry-sdk-metrics-1.46.0.jar;C:\Users\WINIT\.m2\repository\io\opentelemetry\opentelemetry-sdk-logs\1.46.0\opentelemetry-sdk-logs-1.46.0.jar;C:\Users\WINIT\.m2\repository\net\bytebuddy\byte-buddy\1.15.11\byte-buddy-1.15.11.jar;C:\Users\WINIT\.m2\repository\org\seleniumhq\selenium\selenium-os\4.28.1\selenium-os-4.28.1.jar;C:\Users\WINIT\.m2\repository\org\apache\commons\commons-exec\1.4.0\commons-exec-1.4.0.jar;C:\Users\WINIT\.m2\repository\org\seleniumhq\selenium\selenium-safari-driver\4.28.1\selenium-safari-driver-4.28.1.jar;C:\Users\WINIT\.m2\repository\org\seleniumhq\selenium\selenium-support\4.28.1\selenium-support-4.28.1.jar;C:\Users\WINIT\.m2\repository\org\testng\testng\7.10.2\testng-7.10.2.jar;C:\Users\WINIT\.m2\repository\org\slf4j\slf4j-api\1.7.36\slf4j-api-1.7.36.jar;C:\Users\WINIT\.m2\repository\com\beust\jcommander\1.82\jcommander-1.82.jar;C:\Users\WINIT\.m2\repository\org\webjars\jquery\3.7.1\jquery-3.7.1.jar
Launcher Type: SUN_STANDARD

[Global flags]
     intx CICompilerCount                          = 3                                         {product} {ergonomic}
     uint ConcGCThreads                            = 1                                         {product} {ergonomic}
     uint G1ConcRefinementThreads                  = 4                                         {product} {ergonomic}
   size_t G1HeapRegionSize                         = 1048576                                   {product} {ergonomic}
    uintx GCDrainStackTargetSize                   = 64                                        {product} {ergonomic}
   size_t InitialHeapSize                          = 134217728                                 {product} {ergonomic}
   size_t MarkStackSize                            = 4194304                                   {product} {ergonomic}
   size_t MaxHeapSize                              = 2124414976                                {product} {ergonomic}
   size_t MaxNewSize                               = 1274019840                                {product} {ergonomic}
   size_t MinHeapDeltaBytes                        = 1048576                                   {product} {ergonomic}
   size_t MinHeapSize                              = 8388608                                   {product} {ergonomic}
    uintx NonNMethodCodeHeapSize                   = 5832780                                {pd product} {ergonomic}
    uintx NonProfiledCodeHeapSize                  = 122912730                              {pd product} {ergonomic}
    uintx ProfiledCodeHeapSize                     = 122912730                              {pd product} {ergonomic}
    uintx ReservedCodeCacheSize                    = 251658240                              {pd product} {ergonomic}
     bool SegmentedCodeCache                       = true                                      {product} {ergonomic}
     bool ShowCodeDetailsInExceptionMessages       = true                                   {manageable} {command line}
   size_t SoftMaxHeapSize                          = 2124414976                             {manageable} {ergonomic}
     bool UseCompressedOops                        = true                           {product lp64_product} {ergonomic}
     bool UseG1GC                                  = true                                      {product} {ergonomic}
     bool UseLargePagesIndividualAllocation        = false                                  {pd product} {ergonomic}

Logging:
Log output configuration:
 #0: stdout all=warning uptime,level,tags foldmultilines=false
 #1: stderr all=off uptime,level,tags foldmultilines=false

Environment Variables:
PATH=C:/Users/WINIT/Downloads/eclipse-java-2024-12-R-win32-x86_64/eclipse//plugins/org.eclipse.justj.openjdk.hotspot.jre.full.win32.x86_64_21.0.5.v20241023-1957/jre/bin/server;C:/Users/WINIT/Downloads/eclipse-java-2024-12-R-win32-x86_64/eclipse//plugins/org.eclipse.justj.openjdk.hotspot.jre.full.win32.x86_64_21.0.5.v20241023-1957/jre/bin;C:\Program Files\Common Files\Oracle\Java\javapath;C:\Windows\system32;C:\Windows;C:\Windows\System32\Wbem;C:\Windows\System32\WindowsPowerShell\v1.0\;C:\Windows\System32\OpenSSH\;C:\Program Files\Microsoft SQL Server\150\Tools\Binn\;C:\Program Files\Microsoft SQL Server\Client SDK\ODBC\170\Tools\Binn\;C:\Program Files\Git\cmd;C:\Program Files\dotnet\;C:\strawberry\c\bin;C:\strawberry\perl\bin;C:\Program Files\Docker\Docker\resources\bin;C:\Program Files\MySQL\MySQL Shell 8.0\bin\;C:\Users\WINIT\AppData\Local\Microsoft\WindowsApps;C:\Users\WINIT\.dotnet\tools;C:\Users\WINIT\Downloads\eclipse-java-2024-12-R-win32-x86_64\eclipse;
USERNAME=WINIT
TERM=dumb
OS=Windows_NT
PROCESSOR_IDENTIFIER=Intel64 Family 6 Model 42 Stepping 7, GenuineIntel
TMP=C:\Users\WINIT\AppData\Local\Temp
TEMP=C:\Users\WINIT\AppData\Local\Temp




Periodic native trim disabled

---------------  S Y S T E M  ---------------

OS:
 Windows 10 , 64 bit Build 19041 (10.0.19041.5198)
OS uptime: 0 days 2:23 hours
Hyper-V role detected

CPU: total 4 (initial active 4) (4 cores per cpu, 1 threads per core) family 6 model 42 stepping 7 microcode 0x2f, cx8, cmov, fxsr, mmx, sse, sse2, sse3, ssse3, sse4.1, sse4.2, popcnt, tsc, tscinvbit, avx, aes, clmul, vzeroupper, clflush, hv, rdtscp
Processor Information for all 4 processors :
  Max Mhz: 2901, Current Mhz: 2901, Mhz Limit: 2901

Memory: 4k page, system-wide physical 8100M (2900M free)
TotalPageFile size 13476M (AvailPageFile size 6508M)
current process WorkingSet (physical memory assigned to process): 95M, peak: 111M
current process commit charge ("private bytes"): 228M, peak: 246M

vm_info: OpenJDK 64-Bit Server VM (21.0.5+11-LTS) for windows-amd64 JRE (21.0.5+11-LTS), built on 2024-10-15T00:00:00Z by "admin" with MS VC++ 17.7 (VS2022)

END.
